\BOOKMARK [1][-]{section.1}{\376\377\000I\000N\000T\000R\000O\000D\000U\000\307\000\303\000O}{}% 1
\BOOKMARK [2][-]{subsection.1.1}{\376\377\000P\000R\000O\000B\000L\000E\000M\000\301\000T\000I\000C\000A}{section.1}% 2
\BOOKMARK [2][-]{subsection.1.2}{\376\377\000O\000B\000J\000E\000T\000I\000V\000O\000S}{section.1}% 3
\BOOKMARK [2][-]{subsection.1.3}{\376\377\000J\000U\000S\000T\000I\000F\000I\000C\000A\000T\000I\000V\000A}{section.1}% 4
\BOOKMARK [2][-]{subsection.1.4}{\376\377\000E\000S\000T\000R\000U\000T\000U\000R\000A\000\040\000D\000O\000\040\000T\000R\000A\000B\000A\000L\000H\000O}{section.1}% 5
\BOOKMARK [1][-]{section.2}{\376\377\000M\000E\000T\000O\000D\000O\000L\000O\000G\000I\000A}{}% 6
\BOOKMARK [2][-]{subsection.2.1}{\376\377\000A\000C\000E\000R\000C\000A\000\040\000D\000A\000S\000\040\000C\000A\000T\000E\000G\000O\000R\000I\000A\000S\000\040\000D\000A\000\040\000P\000E\000S\000Q\000U\000I\000S\000A}{section.2}% 7
\BOOKMARK [2][-]{subsection.2.2}{\376\377\000A\000C\000E\000R\000D\000A\000\040\000D\000O\000\040\000M\000\311\000T\000O\000D\000O\000\040\000C\000I\000E\000N\000T\000\315\000F\000I\000C\000O\000\040\000U\000T\000I\000L\000I\000Z\000A\000D\000O}{section.2}% 8
\BOOKMARK [2][-]{subsection.2.3}{\376\377\000A\000C\000E\000R\000C\000A\000\040\000D\000O\000\040\000D\000E\000S\000E\000N\000V\000O\000L\000V\000I\000M\000E\000N\000T\000O\000\040\000D\000A\000\040\000A\000P\000L\000I\000C\000A\000\307\000\303\000O}{section.2}% 9
\BOOKMARK [1][-]{section.3}{\376\377\000R\000E\000F\000E\000R\000\312\000N\000C\000I\000A\000L\000\040\000T\000E\000\323\000R\000I\000C\000O}{}% 10
\BOOKMARK [2][-]{subsection.3.1}{\376\377\000S\000I\000S\000T\000E\000M\000A\000S\000\040\000D\000I\000S\000T\000R\000I\000B\000U\000\315\000D\000O\000S\000\040\000E\000\040\000A\000\040\000I\000N\000T\000E\000R\000N\000E\000T}{section.3}% 11
\BOOKMARK [2][-]{subsection.3.2}{\376\377\000L\000I\000N\000G\000U\000A\000G\000E\000N\000S\000\040\000D\000E\000\040\000P\000R\000O\000G\000R\000A\000M\000A\000\307\000\303\000O}{section.3}% 12
\BOOKMARK [2][-]{subsection.3.3}{\376\377\000L\000I\000N\000G\000U\000A\000G\000E\000M\000\040\000D\000E\000\040\000P\000R\000O\000G\000R\000A\000M\000A\000\307\000\303\000O\000:\000\040\000K\000O\000T\000L\000I\000N}{section.3}% 13
\BOOKMARK [2][-]{subsection.3.4}{\376\377\000L\000I\000N\000G\000U\000A\000G\000E\000M\000\040\000D\000E\000\040\000P\000R\000O\000G\000R\000A\000M\000A\000\307\000\303\000O\000:\000\040\000J\000A\000V\000A}{section.3}% 14
\BOOKMARK [2][-]{subsection.3.5}{\376\377\000M\000O\000D\000E\000L\000O\000\040\000C\000L\000I\000E\000N\000T\000E\000-\000S\000E\000R\000V\000I\000D\000O\000R}{section.3}% 15
\BOOKMARK [3][-]{subsubsection.3.5.1}{\376\377\000R\000E\000D\000E\000S\000\040\000P\000E\000E\000R\000-\000T\000O\000-\000P\000E\000E\000R}{subsection.3.5}% 16
\BOOKMARK [2][-]{subsection.3.6}{\376\377\000S\000I\000S\000T\000E\000M\000A\000S\000\040\000O\000F\000F\000L\000I\000N\000E\000-\000F\000I\000R\000S\000T}{section.3}% 17
\BOOKMARK [3][-]{subsubsection.3.6.1}{\376\377\000C\000O\000M\000U\000N\000I\000C\000A\000\307\000\303\000O\000\040\000A\000S\000S\000\315\000N\000C\000R\000O\000N\000A\000\040\000E\000\040\000S\000E\000U\000S\000\040\000D\000E\000S\000A\000F\000I\000O\000S}{subsection.3.6}% 18
\BOOKMARK [3][-]{subsubsection.3.6.2}{\376\377\000E\000S\000T\000R\000A\000T\000\311\000G\000I\000A\000\040\000D\000E\000\040\000S\000I\000N\000C\000R\000O\000N\000I\000Z\000A\000\307\000\303\000O\000:\000\040\000C\000R\000D\000T}{subsection.3.6}% 19
\BOOKMARK [2][-]{subsection.3.7}{\376\377\000E\000S\000T\000R\000A\000T\000\311\000G\000I\000A\000\040\000D\000E\000\040\000S\000I\000N\000C\000R\000O\000N\000I\000Z\000A\000\307\000\303\000O\000:\000\040\000V\000E\000T\000O\000R\000E\000S\000\040\000D\000E\000\040\000V\000E\000R\000S\000\303\000O}{section.3}% 20
\BOOKMARK [2][-]{subsection.3.8}{\376\377\000C\000O\000N\000S\000I\000S\000T\000\312\000N\000C\000I\000A\000\040\000E\000V\000E\000N\000T\000U\000A\000L\000\040\000F\000O\000R\000T\000E\000\040\000\050\000S\000E\000C\000\051}{section.3}% 21
\BOOKMARK [2][-]{subsection.3.9}{\376\377\000B\000A\000N\000C\000O\000\040\000D\000E\000\040\000D\000A\000D\000O\000S\000:\000\040\000R\000O\000O\000M}{section.3}% 22
\BOOKMARK [2][-]{subsection.3.10}{\376\377\000A\000M\000B\000I\000E\000N\000T\000E\000\040\000D\000E\000\040\000T\000E\000S\000T\000E\000S\000:\000\040\000D\000O\000C\000K\000E\000R}{section.3}% 23
\BOOKMARK [2][-]{subsection.3.11}{\376\377\000T\000R\000A\000B\000A\000L\000H\000O\000S\000\040\000R\000E\000L\000A\000C\000I\000O\000N\000A\000D\000O\000S}{section.3}% 24
